<?xml version="1.0" encoding="UTF-8"?>
<testng-results skipped="0" failed="7" ignored="14" total="27" passed="6">
  <reporter-output>
  </reporter-output>
  <suite name="Suite" duration-ms="340496" started-at="2022-04-03T17:38:19 IST" finished-at="2022-04-03T17:44:00 IST">
    <groups>
      <group name="Sanity">
        <method signature="AccountCreationPageTest.verifyCreateAccountPageTest(java.lang.String)[pri:0, instance:com.mystore.testcases.AccountCreationPageTest@7e2d773b]" name="verifyCreateAccountPageTest" class="com.mystore.testcases.AccountCreationPageTest"/>
        <method signature="AddToCartPageTest.addToCartTest(java.lang.String, java.lang.String, java.lang.String)[pri:0, instance:com.mystore.testcases.AddToCartPageTest@2173f6d9]" name="addToCartTest" class="com.mystore.testcases.AddToCartPageTest"/>
        <method signature="LoginPageTest.loginTest(java.lang.String, java.lang.String)[pri:0, instance:com.mystore.testcases.LoginPageTest@51e2adc7]" name="loginTest" class="com.mystore.testcases.LoginPageTest"/>
      </group> <!-- Sanity -->
      <group name="Regression">
        <method signature="AccountCreationPageTest.createAccountTest(java.util.HashMap)[pri:0, instance:com.mystore.testcases.AccountCreationPageTest@7e2d773b]" name="createAccountTest" class="com.mystore.testcases.AccountCreationPageTest"/>
        <method signature="AddToCartPageTest.addToCartTest(java.lang.String, java.lang.String, java.lang.String)[pri:0, instance:com.mystore.testcases.AddToCartPageTest@2173f6d9]" name="addToCartTest" class="com.mystore.testcases.AddToCartPageTest"/>
        <method signature="EndToEndTest.endToEndTest(java.lang.String, java.lang.String, java.lang.String)[pri:0, instance:com.mystore.testcases.EndToEndTest@2353b3e6]" name="endToEndTest" class="com.mystore.testcases.EndToEndTest"/>
        <method signature="OrderPageTest.verifyTotalPrice(java.lang.String, java.lang.String, java.lang.String)[pri:0, instance:com.mystore.testcases.OrderPageTest@7a187f14]" name="verifyTotalPrice" class="com.mystore.testcases.OrderPageTest"/>
      </group> <!-- Regression -->
      <group name="Smoke">
        <method signature="HomePageTest.orderHistoryandDetailsTest(java.lang.String, java.lang.String)[pri:0, instance:com.mystore.testcases.HomePageTest@307f6b8c]" name="orderHistoryandDetailsTest" class="com.mystore.testcases.HomePageTest"/>
        <method signature="HomePageTest.wishListTest(java.lang.String, java.lang.String)[pri:0, instance:com.mystore.testcases.HomePageTest@307f6b8c]" name="wishListTest" class="com.mystore.testcases.HomePageTest"/>
        <method signature="IndexPageTest.verifyLogo()[pri:0, instance:com.mystore.testcases.IndexPageTest@1a8a8f7c]" name="verifyLogo" class="com.mystore.testcases.IndexPageTest"/>
        <method signature="IndexPageTest.verifyTitle()[pri:0, instance:com.mystore.testcases.IndexPageTest@1a8a8f7c]" name="verifyTitle" class="com.mystore.testcases.IndexPageTest"/>
        <method signature="LoginPageTest.loginTest(java.lang.String, java.lang.String)[pri:0, instance:com.mystore.testcases.LoginPageTest@51e2adc7]" name="loginTest" class="com.mystore.testcases.LoginPageTest"/>
        <method signature="SearchResultPageTest.productAvailabilityTest(java.lang.String)[pri:0, instance:com.mystore.testcases.SearchResultPageTest@6f195bc3]" name="productAvailabilityTest" class="com.mystore.testcases.SearchResultPageTest"/>
      </group> <!-- Smoke -->
    </groups>
    <test name="Test_All" duration-ms="340496" started-at="2022-04-03T17:38:19 IST" finished-at="2022-04-03T17:44:00 IST">
      <class name="com.mystore.testcases.AccountCreationPageTest">
        <test-method status="PASS" signature="loadConfig()[pri:0, instance:com.mystore.testcases.AccountCreationPageTest@7e2d773b]" name="loadConfig" is-config="true" duration-ms="197" started-at="2022-04-03T17:38:19 IST" finished-at="2022-04-03T17:38:19 IST">
          <reporter-output>
          </reporter-output>
        </test-method> <!-- loadConfig -->
        <test-method status="PASS" signature="setup(java.lang.String)[pri:0, instance:com.mystore.testcases.AccountCreationPageTest@7e2d773b]" name="setup" is-config="true" duration-ms="12384" started-at="2022-04-03T17:38:20 IST" finished-at="2022-04-03T17:38:32 IST">
          <params>
            <param index="0">
              <value>
                <![CDATA[Chrome]]>
              </value>
            </param>
          </params>
          <reporter-output>
          </reporter-output>
        </test-method> <!-- setup -->
        <test-method status="FAIL" signature="createAccountTest(java.util.HashMap)[pri:0, instance:com.mystore.testcases.AccountCreationPageTest@7e2d773b]" name="createAccountTest" duration-ms="18381" started-at="2022-04-03T17:38:32 IST" data-provider="newAcountDetailsData" finished-at="2022-04-03T17:38:51 IST">
          <params>
            <param index="0">
              <value>
                <![CDATA[{Company=ABCDEF, Email=newtest1@gmail.com, Address=EDFG123, FirstName=TestUser, Gender=Mrs, City=San, MobilePhone=8489875678, Month=7, Year=1985, State=Alabama, Zipcode=91436, Country=United States, LastName=UserTest, SetPassword=hgsdtyf, Day=22}]]>
              </value>
            </param>
          </params>
          <exception class="org.openqa.selenium.json.JsonException">
            <message>
              <![CDATA[java.lang.reflect.InvocationTargetException
Build info: version: '3.141.59', revision: 'e82be7d358', time: '2018-11-14T08:17:03'
System info: host: 'BSNODL-15060', ip: '192.168.1.9', os.name: 'Windows 10', os.arch: 'amd64', os.version: '10.0', java.version: '1.8.0_321'
Driver info: driver.version: RemoteWebDriver]]>
            </message>
            <full-stacktrace>
              <![CDATA[org.openqa.selenium.json.JsonException: java.lang.reflect.InvocationTargetException
Build info: version: '3.141.59', revision: 'e82be7d358', time: '2018-11-14T08:17:03'
System info: host: 'BSNODL-15060', ip: '192.168.1.9', os.name: 'Windows 10', os.arch: 'amd64', os.version: '10.0', java.version: '1.8.0_321'
Driver info: driver.version: RemoteWebDriver
at org.openqa.selenium.json.JsonOutput.convertUsingMethod(JsonOutput.java:332)
at org.openqa.selenium.json.JsonOutput.lambda$new$16(JsonOutput.java:155)
at org.openqa.selenium.json.JsonOutput.write(JsonOutput.java:264)
at org.openqa.selenium.json.JsonOutput.lambda$null$21(JsonOutput.java:168)
at java.util.LinkedHashMap$LinkedValues.forEach(Unknown Source)
at org.openqa.selenium.json.JsonOutput.lambda$new$22(JsonOutput.java:168)
at org.openqa.selenium.json.JsonOutput.write(JsonOutput.java:264)
at org.openqa.selenium.json.JsonOutput.lambda$null$23(JsonOutput.java:177)
at com.google.common.collect.SingletonImmutableBiMap.forEach(SingletonImmutableBiMap.java:65)
at org.openqa.selenium.json.JsonOutput.lambda$new$24(JsonOutput.java:176)
at org.openqa.selenium.json.JsonOutput.write(JsonOutput.java:264)
at org.openqa.selenium.json.JsonOutput.write(JsonOutput.java:255)
at org.openqa.selenium.json.Json.toJson(Json.java:42)
at org.openqa.selenium.remote.http.AbstractHttpCommandCodec.encode(AbstractHttpCommandCodec.java:227)
at org.openqa.selenium.remote.http.AbstractHttpCommandCodec.encode(AbstractHttpCommandCodec.java:117)
at org.openqa.selenium.remote.HttpCommandExecutor.execute(HttpCommandExecutor.java:152)
at org.openqa.selenium.remote.service.DriverCommandExecutor.execute(DriverCommandExecutor.java:83)
at org.openqa.selenium.remote.RemoteWebDriver.execute(RemoteWebDriver.java:552)
at org.openqa.selenium.remote.RemoteWebDriver.perform(RemoteWebDriver.java:618)
at org.openqa.selenium.interactions.Actions$BuiltAction.perform(Actions.java:639)
at com.mystore.actiondriver.Action.click(Action.java:50)
at com.mystore.pageobjects.AccountCreationPage.createAccount(AccountCreationPage.java:103)
at com.mystore.testcases.AccountCreationPageTest.createAccountTest(AccountCreationPageTest.java:54)
at sun.reflect.NativeMethodAccessorImpl.invoke0(Native Method)
at sun.reflect.NativeMethodAccessorImpl.invoke(Unknown Source)
at sun.reflect.DelegatingMethodAccessorImpl.invoke(Unknown Source)
at java.lang.reflect.Method.invoke(Unknown Source)
at org.testng.internal.MethodInvocationHelper.invokeMethod(MethodInvocationHelper.java:134)
at org.testng.internal.TestInvoker.invokeMethod(TestInvoker.java:597)
at org.testng.internal.TestInvoker.invokeTestMethod(TestInvoker.java:173)
at org.testng.internal.MethodRunner.runInSequence(MethodRunner.java:46)
at org.testng.internal.TestInvoker$MethodInvocationAgent.invoke(TestInvoker.java:816)
at org.testng.internal.TestInvoker.invokeTestMethods(TestInvoker.java:146)
at org.testng.internal.TestMethodWorker.invokeTestMethods(TestMethodWorker.java:146)
at org.testng.internal.TestMethodWorker.run(TestMethodWorker.java:128)
at java.util.ArrayList.forEach(Unknown Source)
at org.testng.TestRunner.privateRun(TestRunner.java:766)
at org.testng.TestRunner.run(TestRunner.java:587)
at org.testng.SuiteRunner.runTest(SuiteRunner.java:384)
at org.testng.SuiteRunner.runSequentially(SuiteRunner.java:378)
at org.testng.SuiteRunner.privateRun(SuiteRunner.java:337)
at org.testng.SuiteRunner.run(SuiteRunner.java:286)
at org.testng.SuiteRunnerWorker.runSuite(SuiteRunnerWorker.java:53)
at org.testng.SuiteRunnerWorker.run(SuiteRunnerWorker.java:96)
at org.testng.TestNG.runSuitesSequentially(TestNG.java:1187)
at org.testng.TestNG.runSuitesLocally(TestNG.java:1109)
at org.testng.TestNG.runSuites(TestNG.java:1039)
at org.testng.TestNG.run(TestNG.java:1007)
at org.testng.remote.AbstractRemoteTestNG.run(AbstractRemoteTestNG.java:115)
at org.testng.remote.RemoteTestNG.initAndRun(RemoteTestNG.java:251)
at org.testng.remote.RemoteTestNG.main(RemoteTestNG.java:77)
Suppressed: org.openqa.selenium.json.JsonException: Attempting to close incomplete json stream
Build info: version: '3.141.59', revision: 'e82be7d358', time: '2018-11-14T08:17:03'
System info: host: 'BSNODL-15060', ip: '192.168.1.9', os.name: 'Windows 10', os.arch: 'amd64', os.version: '10.0', java.version: '1.8.0_321'
Driver info: driver.version: RemoteWebDriver
at org.openqa.selenium.json.JsonOutput.close(JsonOutput.java:279)
at org.openqa.selenium.json.Json.toJson(Json.java:44)
... 38 more
Caused by: java.lang.reflect.InvocationTargetException
at sun.reflect.NativeMethodAccessorImpl.invoke0(Native Method)
at sun.reflect.NativeMethodAccessorImpl.invoke(Unknown Source)
at sun.reflect.DelegatingMethodAccessorImpl.invoke(Unknown Source)
at java.lang.reflect.Method.invoke(Unknown Source)
at org.openqa.selenium.json.JsonOutput.convertUsingMethod(JsonOutput.java:328)
... 50 more
Caused by: org.openqa.selenium.NoSuchElementException: no such element: Unable to locate element: {"method":"css selector","selector":"#id_gender2"}
  (Session info: chrome=100.0.4896.60)
For documentation on this error, please visit: https://www.seleniumhq.org/exceptions/no_such_element.html
Build info: version: '3.141.59', revision: 'e82be7d358', time: '2018-11-14T08:17:03'
System info: host: 'BSNODL-15060', ip: '192.168.1.9', os.name: 'Windows 10', os.arch: 'amd64', os.version: '10.0', java.version: '1.8.0_321'
Driver info: org.openqa.selenium.chrome.ChromeDriver
Capabilities {acceptInsecureCerts: false, browserName: chrome, browserVersion: 100.0.4896.60, chrome: {chromedriverVersion: 100.0.4896.60 (6a5d10861ce8..., userDataDir: C:\Users\ARUNY\AppData\Loca...}, goog:chromeOptions: {debuggerAddress: localhost:51066}, javascriptEnabled: true, networkConnectionEnabled: false, pageLoadStrategy: normal, platform: WINDOWS, platformName: WINDOWS, proxy: Proxy(), setWindowRect: true, strictFileInteractability: false, timeouts: {implicit: 0, pageLoad: 300000, script: 30000}, unhandledPromptBehavior: dismiss and notify, webauthn:extension:credBlob: true, webauthn:extension:largeBlob: true, webauthn:virtualAuthenticators: true}
Session ID: 2f5d8ad5948d0050a39d6a8fbc81af2e
*** Element info: {Using=id, value=id_gender2}
at sun.reflect.NativeConstructorAccessorImpl.newInstance0(Native Method)
at sun.reflect.NativeConstructorAccessorImpl.newInstance(Unknown Source)
at sun.reflect.DelegatingConstructorAccessorImpl.newInstance(Unknown Source)
at java.lang.reflect.Constructor.newInstance(Unknown Source)
at org.openqa.selenium.remote.http.W3CHttpResponseCodec.createException(W3CHttpResponseCodec.java:187)
at org.openqa.selenium.remote.http.W3CHttpResponseCodec.decode(W3CHttpResponseCodec.java:122)
at org.openqa.selenium.remote.http.W3CHttpResponseCodec.decode(W3CHttpResponseCodec.java:49)
at org.openqa.selenium.remote.HttpCommandExecutor.execute(HttpCommandExecutor.java:158)
at org.openqa.selenium.remote.service.DriverCommandExecutor.execute(DriverCommandExecutor.java:83)
at org.openqa.selenium.remote.RemoteWebDriver.execute(RemoteWebDriver.java:552)
at org.openqa.selenium.remote.RemoteWebDriver.findElement(RemoteWebDriver.java:323)
at org.openqa.selenium.remote.RemoteWebDriver.findElementById(RemoteWebDriver.java:372)
at org.openqa.selenium.By$ById.findElement(By.java:188)
at org.openqa.selenium.remote.RemoteWebDriver.findElement(RemoteWebDriver.java:315)
at org.openqa.selenium.support.pagefactory.DefaultElementLocator.findElement(DefaultElementLocator.java:69)
at org.openqa.selenium.support.pagefactory.internal.LocatingElementHandler.invoke(LocatingElementHandler.java:38)
at com.sun.proxy.$Proxy13.getWrappedElement(Unknown Source)
at org.openqa.selenium.interactions.PointerInput$Origin.asArg(PointerInput.java:204)
at org.openqa.selenium.interactions.PointerInput$Move.encode(PointerInput.java:155)
at org.openqa.selenium.interactions.Sequence.encode(Sequence.java:75)
at org.openqa.selenium.interactions.Sequence.toJson(Sequence.java:84)
... 55 more
]]>
            </full-stacktrace>
          </exception> <!-- org.openqa.selenium.json.JsonException -->
          <reporter-output>
          </reporter-output>
        </test-method> <!-- createAccountTest -->
        <test-method status="PASS" signature="tearDown()[pri:0, instance:com.mystore.testcases.AccountCreationPageTest@7e2d773b]" name="tearDown" is-config="true" duration-ms="811" started-at="2022-04-03T17:38:51 IST" finished-at="2022-04-03T17:38:52 IST">
          <reporter-output>
          </reporter-output>
        </test-method> <!-- tearDown -->
        <test-method status="PASS" signature="setup(java.lang.String)[pri:0, instance:com.mystore.testcases.AccountCreationPageTest@7e2d773b]" name="setup" is-config="true" duration-ms="11029" started-at="2022-04-03T17:38:52 IST" finished-at="2022-04-03T17:39:03 IST">
          <params>
            <param index="0">
              <value>
                <![CDATA[Chrome]]>
              </value>
            </param>
          </params>
          <reporter-output>
          </reporter-output>
        </test-method> <!-- setup -->
        <test-method status="FAIL" signature="createAccountTest(java.util.HashMap)[pri:0, instance:com.mystore.testcases.AccountCreationPageTest@7e2d773b]" name="createAccountTest" duration-ms="19883" started-at="2022-04-03T17:39:03 IST" data-provider="newAcountDetailsData" finished-at="2022-04-03T17:39:23 IST">
          <params>
            <param index="0">
              <value>
                <![CDATA[{Company=ABCDEF, Email=newtest2@gmail.com, Address=EDFG123, FirstName=TestUser, Gender=Mrs, City=San, MobilePhone=8489875678, Month=7, Year=1985, State=Alabama, Zipcode=91436, Country=United States, LastName=UserTest, SetPassword=hgsdtyf, Day=22}]]>
              </value>
            </param>
          </params>
          <exception class="org.openqa.selenium.json.JsonException">
            <message>
              <![CDATA[java.lang.reflect.InvocationTargetException
Build info: version: '3.141.59', revision: 'e82be7d358', time: '2018-11-14T08:17:03'
System info: host: 'BSNODL-15060', ip: '192.168.1.9', os.name: 'Windows 10', os.arch: 'amd64', os.version: '10.0', java.version: '1.8.0_321'
Driver info: driver.version: RemoteWebDriver]]>
            </message>
            <full-stacktrace>
              <![CDATA[org.openqa.selenium.json.JsonException: java.lang.reflect.InvocationTargetException
Build info: version: '3.141.59', revision: 'e82be7d358', time: '2018-11-14T08:17:03'
System info: host: 'BSNODL-15060', ip: '192.168.1.9', os.name: 'Windows 10', os.arch: 'amd64', os.version: '10.0', java.version: '1.8.0_321'
Driver info: driver.version: RemoteWebDriver
at org.openqa.selenium.json.JsonOutput.convertUsingMethod(JsonOutput.java:332)
at org.openqa.selenium.json.JsonOutput.lambda$new$16(JsonOutput.java:155)
at org.openqa.selenium.json.JsonOutput.write(JsonOutput.java:264)
at org.openqa.selenium.json.JsonOutput.lambda$null$21(JsonOutput.java:168)
at java.util.LinkedHashMap$LinkedValues.forEach(Unknown Source)
at org.openqa.selenium.json.JsonOutput.lambda$new$22(JsonOutput.java:168)
at org.openqa.selenium.json.JsonOutput.write(JsonOutput.java:264)
at org.openqa.selenium.json.JsonOutput.lambda$null$23(JsonOutput.java:177)
at com.google.common.collect.SingletonImmutableBiMap.forEach(SingletonImmutableBiMap.java:65)
at org.openqa.selenium.json.JsonOutput.lambda$new$24(JsonOutput.java:176)
at org.openqa.selenium.json.JsonOutput.write(JsonOutput.java:264)
at org.openqa.selenium.json.JsonOutput.write(JsonOutput.java:255)
at org.openqa.selenium.json.Json.toJson(Json.java:42)
at org.openqa.selenium.remote.http.AbstractHttpCommandCodec.encode(AbstractHttpCommandCodec.java:227)
at org.openqa.selenium.remote.http.AbstractHttpCommandCodec.encode(AbstractHttpCommandCodec.java:117)
at org.openqa.selenium.remote.HttpCommandExecutor.execute(HttpCommandExecutor.java:152)
at org.openqa.selenium.remote.service.DriverCommandExecutor.execute(DriverCommandExecutor.java:83)
at org.openqa.selenium.remote.RemoteWebDriver.execute(RemoteWebDriver.java:552)
at org.openqa.selenium.remote.RemoteWebDriver.perform(RemoteWebDriver.java:618)
at org.openqa.selenium.interactions.Actions$BuiltAction.perform(Actions.java:639)
at com.mystore.actiondriver.Action.click(Action.java:50)
at com.mystore.pageobjects.AccountCreationPage.createAccount(AccountCreationPage.java:103)
at com.mystore.testcases.AccountCreationPageTest.createAccountTest(AccountCreationPageTest.java:54)
at sun.reflect.NativeMethodAccessorImpl.invoke0(Native Method)
at sun.reflect.NativeMethodAccessorImpl.invoke(Unknown Source)
at sun.reflect.DelegatingMethodAccessorImpl.invoke(Unknown Source)
at java.lang.reflect.Method.invoke(Unknown Source)
at org.testng.internal.MethodInvocationHelper.invokeMethod(MethodInvocationHelper.java:134)
at org.testng.internal.TestInvoker.invokeMethod(TestInvoker.java:597)
at org.testng.internal.TestInvoker.invokeTestMethod(TestInvoker.java:173)
at org.testng.internal.MethodRunner.runInSequence(MethodRunner.java:46)
at org.testng.internal.TestInvoker$MethodInvocationAgent.invoke(TestInvoker.java:816)
at org.testng.internal.TestInvoker.invokeTestMethods(TestInvoker.java:146)
at org.testng.internal.TestMethodWorker.invokeTestMethods(TestMethodWorker.java:146)
at org.testng.internal.TestMethodWorker.run(TestMethodWorker.java:128)
at java.util.ArrayList.forEach(Unknown Source)
at org.testng.TestRunner.privateRun(TestRunner.java:766)
at org.testng.TestRunner.run(TestRunner.java:587)
at org.testng.SuiteRunner.runTest(SuiteRunner.java:384)
at org.testng.SuiteRunner.runSequentially(SuiteRunner.java:378)
at org.testng.SuiteRunner.privateRun(SuiteRunner.java:337)
at org.testng.SuiteRunner.run(SuiteRunner.java:286)
at org.testng.SuiteRunnerWorker.runSuite(SuiteRunnerWorker.java:53)
at org.testng.SuiteRunnerWorker.run(SuiteRunnerWorker.java:96)
at org.testng.TestNG.runSuitesSequentially(TestNG.java:1187)
at org.testng.TestNG.runSuitesLocally(TestNG.java:1109)
at org.testng.TestNG.runSuites(TestNG.java:1039)
at org.testng.TestNG.run(TestNG.java:1007)
at org.testng.remote.AbstractRemoteTestNG.run(AbstractRemoteTestNG.java:115)
at org.testng.remote.RemoteTestNG.initAndRun(RemoteTestNG.java:251)
at org.testng.remote.RemoteTestNG.main(RemoteTestNG.java:77)
Suppressed: org.openqa.selenium.json.JsonException: Attempting to close incomplete json stream
Build info: version: '3.141.59', revision: 'e82be7d358', time: '2018-11-14T08:17:03'
System info: host: 'BSNODL-15060', ip: '192.168.1.9', os.name: 'Windows 10', os.arch: 'amd64', os.version: '10.0', java.version: '1.8.0_321'
Driver info: driver.version: RemoteWebDriver
at org.openqa.selenium.json.JsonOutput.close(JsonOutput.java:279)
at org.openqa.selenium.json.Json.toJson(Json.java:44)
... 38 more
Caused by: java.lang.reflect.InvocationTargetException
at sun.reflect.NativeMethodAccessorImpl.invoke0(Native Method)
at sun.reflect.NativeMethodAccessorImpl.invoke(Unknown Source)
at sun.reflect.DelegatingMethodAccessorImpl.invoke(Unknown Source)
at java.lang.reflect.Method.invoke(Unknown Source)
at org.openqa.selenium.json.JsonOutput.convertUsingMethod(JsonOutput.java:328)
... 50 more
Caused by: org.openqa.selenium.NoSuchElementException: no such element: Unable to locate element: {"method":"css selector","selector":"#id_gender2"}
  (Session info: chrome=100.0.4896.60)
For documentation on this error, please visit: https://www.seleniumhq.org/exceptions/no_such_element.html
Build info: version: '3.141.59', revision: 'e82be7d358', time: '2018-11-14T08:17:03'
System info: host: 'BSNODL-15060', ip: '192.168.1.9', os.name: 'Windows 10', os.arch: 'amd64', os.version: '10.0', java.version: '1.8.0_321'
Driver info: org.openqa.selenium.chrome.ChromeDriver
Capabilities {acceptInsecureCerts: false, browserName: chrome, browserVersion: 100.0.4896.60, chrome: {chromedriverVersion: 100.0.4896.60 (6a5d10861ce8..., userDataDir: C:\Users\ARUNY\AppData\Loca...}, goog:chromeOptions: {debuggerAddress: localhost:51150}, javascriptEnabled: true, networkConnectionEnabled: false, pageLoadStrategy: normal, platform: WINDOWS, platformName: WINDOWS, proxy: Proxy(), setWindowRect: true, strictFileInteractability: false, timeouts: {implicit: 0, pageLoad: 300000, script: 30000}, unhandledPromptBehavior: dismiss and notify, webauthn:extension:credBlob: true, webauthn:extension:largeBlob: true, webauthn:virtualAuthenticators: true}
Session ID: 1bd15811d43d98d971404c5a16c8e0d4
*** Element info: {Using=id, value=id_gender2}
at sun.reflect.NativeConstructorAccessorImpl.newInstance0(Native Method)
at sun.reflect.NativeConstructorAccessorImpl.newInstance(Unknown Source)
at sun.reflect.DelegatingConstructorAccessorImpl.newInstance(Unknown Source)
at java.lang.reflect.Constructor.newInstance(Unknown Source)
at org.openqa.selenium.remote.http.W3CHttpResponseCodec.createException(W3CHttpResponseCodec.java:187)
at org.openqa.selenium.remote.http.W3CHttpResponseCodec.decode(W3CHttpResponseCodec.java:122)
at org.openqa.selenium.remote.http.W3CHttpResponseCodec.decode(W3CHttpResponseCodec.java:49)
at org.openqa.selenium.remote.HttpCommandExecutor.execute(HttpCommandExecutor.java:158)
at org.openqa.selenium.remote.service.DriverCommandExecutor.execute(DriverCommandExecutor.java:83)
at org.openqa.selenium.remote.RemoteWebDriver.execute(RemoteWebDriver.java:552)
at org.openqa.selenium.remote.RemoteWebDriver.findElement(RemoteWebDriver.java:323)
at org.openqa.selenium.remote.RemoteWebDriver.findElementById(RemoteWebDriver.java:372)
at org.openqa.selenium.By$ById.findElement(By.java:188)
at org.openqa.selenium.remote.RemoteWebDriver.findElement(RemoteWebDriver.java:315)
at org.openqa.selenium.support.pagefactory.DefaultElementLocator.findElement(DefaultElementLocator.java:69)
at org.openqa.selenium.support.pagefactory.internal.LocatingElementHandler.invoke(LocatingElementHandler.java:38)
at com.sun.proxy.$Proxy13.getWrappedElement(Unknown Source)
at org.openqa.selenium.interactions.PointerInput$Origin.asArg(PointerInput.java:204)
at org.openqa.selenium.interactions.PointerInput$Move.encode(PointerInput.java:155)
at org.openqa.selenium.interactions.Sequence.encode(Sequence.java:75)
at org.openqa.selenium.interactions.Sequence.toJson(Sequence.java:84)
... 55 more
]]>
            </full-stacktrace>
          </exception> <!-- org.openqa.selenium.json.JsonException -->
          <reporter-output>
          </reporter-output>
        </test-method> <!-- createAccountTest -->
        <test-method status="PASS" signature="tearDown()[pri:0, instance:com.mystore.testcases.AccountCreationPageTest@7e2d773b]" name="tearDown" is-config="true" duration-ms="814" started-at="2022-04-03T17:39:23 IST" finished-at="2022-04-03T17:39:24 IST">
          <reporter-output>
          </reporter-output>
        </test-method> <!-- tearDown -->
        <test-method status="PASS" signature="setup(java.lang.String)[pri:0, instance:com.mystore.testcases.AccountCreationPageTest@7e2d773b]" name="setup" is-config="true" duration-ms="8247" started-at="2022-04-03T17:39:24 IST" finished-at="2022-04-03T17:39:32 IST">
          <params>
            <param index="0">
              <value>
                <![CDATA[Chrome]]>
              </value>
            </param>
          </params>
          <reporter-output>
          </reporter-output>
        </test-method> <!-- setup -->
        <test-method status="FAIL" signature="createAccountTest(java.util.HashMap)[pri:0, instance:com.mystore.testcases.AccountCreationPageTest@7e2d773b]" name="createAccountTest" duration-ms="17679" started-at="2022-04-03T17:39:32 IST" data-provider="newAcountDetailsData" finished-at="2022-04-03T17:39:50 IST">
          <params>
            <param index="0">
              <value>
                <![CDATA[{Company=ABCDEF, Email=newtest3@gmail.com, Address=EDFG123, FirstName=TestUser, Gender=Mrs, City=San, MobilePhone=8489875678, Month=7, Year=1985, State=Alabama, Zipcode=91436, Country=United States, LastName=UserTest, SetPassword=hgsdtyf, Day=22}]]>
              </value>
            </param>
          </params>
          <exception class="org.openqa.selenium.json.JsonException">
            <message>
              <![CDATA[java.lang.reflect.InvocationTargetException
Build info: version: '3.141.59', revision: 'e82be7d358', time: '2018-11-14T08:17:03'
System info: host: 'BSNODL-15060', ip: '192.168.1.9', os.name: 'Windows 10', os.arch: 'amd64', os.version: '10.0', java.version: '1.8.0_321'
Driver info: driver.version: RemoteWebDriver]]>
            </message>
            <full-stacktrace>
              <![CDATA[org.openqa.selenium.json.JsonException: java.lang.reflect.InvocationTargetException
Build info: version: '3.141.59', revision: 'e82be7d358', time: '2018-11-14T08:17:03'
System info: host: 'BSNODL-15060', ip: '192.168.1.9', os.name: 'Windows 10', os.arch: 'amd64', os.version: '10.0', java.version: '1.8.0_321'
Driver info: driver.version: RemoteWebDriver
at org.openqa.selenium.json.JsonOutput.convertUsingMethod(JsonOutput.java:332)
at org.openqa.selenium.json.JsonOutput.lambda$new$16(JsonOutput.java:155)
at org.openqa.selenium.json.JsonOutput.write(JsonOutput.java:264)
at org.openqa.selenium.json.JsonOutput.lambda$null$21(JsonOutput.java:168)
at java.util.LinkedHashMap$LinkedValues.forEach(Unknown Source)
at org.openqa.selenium.json.JsonOutput.lambda$new$22(JsonOutput.java:168)
at org.openqa.selenium.json.JsonOutput.write(JsonOutput.java:264)
at org.openqa.selenium.json.JsonOutput.lambda$null$23(JsonOutput.java:177)
at com.google.common.collect.SingletonImmutableBiMap.forEach(SingletonImmutableBiMap.java:65)
at org.openqa.selenium.json.JsonOutput.lambda$new$24(JsonOutput.java:176)
at org.openqa.selenium.json.JsonOutput.write(JsonOutput.java:264)
at org.openqa.selenium.json.JsonOutput.write(JsonOutput.java:255)
at org.openqa.selenium.json.Json.toJson(Json.java:42)
at org.openqa.selenium.remote.http.AbstractHttpCommandCodec.encode(AbstractHttpCommandCodec.java:227)
at org.openqa.selenium.remote.http.AbstractHttpCommandCodec.encode(AbstractHttpCommandCodec.java:117)
at org.openqa.selenium.remote.HttpCommandExecutor.execute(HttpCommandExecutor.java:152)
at org.openqa.selenium.remote.service.DriverCommandExecutor.execute(DriverCommandExecutor.java:83)
at org.openqa.selenium.remote.RemoteWebDriver.execute(RemoteWebDriver.java:552)
at org.openqa.selenium.remote.RemoteWebDriver.perform(RemoteWebDriver.java:618)
at org.openqa.selenium.interactions.Actions$BuiltAction.perform(Actions.java:639)
at com.mystore.actiondriver.Action.click(Action.java:50)
at com.mystore.pageobjects.AccountCreationPage.createAccount(AccountCreationPage.java:103)
at com.mystore.testcases.AccountCreationPageTest.createAccountTest(AccountCreationPageTest.java:54)
at sun.reflect.NativeMethodAccessorImpl.invoke0(Native Method)
at sun.reflect.NativeMethodAccessorImpl.invoke(Unknown Source)
at sun.reflect.DelegatingMethodAccessorImpl.invoke(Unknown Source)
at java.lang.reflect.Method.invoke(Unknown Source)
at org.testng.internal.MethodInvocationHelper.invokeMethod(MethodInvocationHelper.java:134)
at org.testng.internal.TestInvoker.invokeMethod(TestInvoker.java:597)
at org.testng.internal.TestInvoker.invokeTestMethod(TestInvoker.java:173)
at org.testng.internal.MethodRunner.runInSequence(MethodRunner.java:46)
at org.testng.internal.TestInvoker$MethodInvocationAgent.invoke(TestInvoker.java:816)
at org.testng.internal.TestInvoker.invokeTestMethods(TestInvoker.java:146)
at org.testng.internal.TestMethodWorker.invokeTestMethods(TestMethodWorker.java:146)
at org.testng.internal.TestMethodWorker.run(TestMethodWorker.java:128)
at java.util.ArrayList.forEach(Unknown Source)
at org.testng.TestRunner.privateRun(TestRunner.java:766)
at org.testng.TestRunner.run(TestRunner.java:587)
at org.testng.SuiteRunner.runTest(SuiteRunner.java:384)
at org.testng.SuiteRunner.runSequentially(SuiteRunner.java:378)
at org.testng.SuiteRunner.privateRun(SuiteRunner.java:337)
at org.testng.SuiteRunner.run(SuiteRunner.java:286)
at org.testng.SuiteRunnerWorker.runSuite(SuiteRunnerWorker.java:53)
at org.testng.SuiteRunnerWorker.run(SuiteRunnerWorker.java:96)
at org.testng.TestNG.runSuitesSequentially(TestNG.java:1187)
at org.testng.TestNG.runSuitesLocally(TestNG.java:1109)
at org.testng.TestNG.runSuites(TestNG.java:1039)
at org.testng.TestNG.run(TestNG.java:1007)
at org.testng.remote.AbstractRemoteTestNG.run(AbstractRemoteTestNG.java:115)
at org.testng.remote.RemoteTestNG.initAndRun(RemoteTestNG.java:251)
at org.testng.remote.RemoteTestNG.main(RemoteTestNG.java:77)
Suppressed: org.openqa.selenium.json.JsonException: Attempting to close incomplete json stream
Build info: version: '3.141.59', revision: 'e82be7d358', time: '2018-11-14T08:17:03'
System info: host: 'BSNODL-15060', ip: '192.168.1.9', os.name: 'Windows 10', os.arch: 'amd64', os.version: '10.0', java.version: '1.8.0_321'
Driver info: driver.version: RemoteWebDriver
at org.openqa.selenium.json.JsonOutput.close(JsonOutput.java:279)
at org.openqa.selenium.json.Json.toJson(Json.java:44)
... 38 more
Caused by: java.lang.reflect.InvocationTargetException
at sun.reflect.NativeMethodAccessorImpl.invoke0(Native Method)
at sun.reflect.NativeMethodAccessorImpl.invoke(Unknown Source)
at sun.reflect.DelegatingMethodAccessorImpl.invoke(Unknown Source)
at java.lang.reflect.Method.invoke(Unknown Source)
at org.openqa.selenium.json.JsonOutput.convertUsingMethod(JsonOutput.java:328)
... 50 more
Caused by: org.openqa.selenium.NoSuchElementException: no such element: Unable to locate element: {"method":"css selector","selector":"#id_gender2"}
  (Session info: chrome=100.0.4896.60)
For documentation on this error, please visit: https://www.seleniumhq.org/exceptions/no_such_element.html
Build info: version: '3.141.59', revision: 'e82be7d358', time: '2018-11-14T08:17:03'
System info: host: 'BSNODL-15060', ip: '192.168.1.9', os.name: 'Windows 10', os.arch: 'amd64', os.version: '10.0', java.version: '1.8.0_321'
Driver info: org.openqa.selenium.chrome.ChromeDriver
Capabilities {acceptInsecureCerts: false, browserName: chrome, browserVersion: 100.0.4896.60, chrome: {chromedriverVersion: 100.0.4896.60 (6a5d10861ce8..., userDataDir: C:\Users\ARUNY\AppData\Loca...}, goog:chromeOptions: {debuggerAddress: localhost:51241}, javascriptEnabled: true, networkConnectionEnabled: false, pageLoadStrategy: normal, platform: WINDOWS, platformName: WINDOWS, proxy: Proxy(), setWindowRect: true, strictFileInteractability: false, timeouts: {implicit: 0, pageLoad: 300000, script: 30000}, unhandledPromptBehavior: dismiss and notify, webauthn:extension:credBlob: true, webauthn:extension:largeBlob: true, webauthn:virtualAuthenticators: true}
Session ID: a8e2ab222884ef1d15c7587c8f464f11
*** Element info: {Using=id, value=id_gender2}
at sun.reflect.NativeConstructorAccessorImpl.newInstance0(Native Method)
at sun.reflect.NativeConstructorAccessorImpl.newInstance(Unknown Source)
at sun.reflect.DelegatingConstructorAccessorImpl.newInstance(Unknown Source)
at java.lang.reflect.Constructor.newInstance(Unknown Source)
at org.openqa.selenium.remote.http.W3CHttpResponseCodec.createException(W3CHttpResponseCodec.java:187)
at org.openqa.selenium.remote.http.W3CHttpResponseCodec.decode(W3CHttpResponseCodec.java:122)
at org.openqa.selenium.remote.http.W3CHttpResponseCodec.decode(W3CHttpResponseCodec.java:49)
at org.openqa.selenium.remote.HttpCommandExecutor.execute(HttpCommandExecutor.java:158)
at org.openqa.selenium.remote.service.DriverCommandExecutor.execute(DriverCommandExecutor.java:83)
at org.openqa.selenium.remote.RemoteWebDriver.execute(RemoteWebDriver.java:552)
at org.openqa.selenium.remote.RemoteWebDriver.findElement(RemoteWebDriver.java:323)
at org.openqa.selenium.remote.RemoteWebDriver.findElementById(RemoteWebDriver.java:372)
at org.openqa.selenium.By$ById.findElement(By.java:188)
at org.openqa.selenium.remote.RemoteWebDriver.findElement(RemoteWebDriver.java:315)
at org.openqa.selenium.support.pagefactory.DefaultElementLocator.findElement(DefaultElementLocator.java:69)
at org.openqa.selenium.support.pagefactory.internal.LocatingElementHandler.invoke(LocatingElementHandler.java:38)
at com.sun.proxy.$Proxy13.getWrappedElement(Unknown Source)
at org.openqa.selenium.interactions.PointerInput$Origin.asArg(PointerInput.java:204)
at org.openqa.selenium.interactions.PointerInput$Move.encode(PointerInput.java:155)
at org.openqa.selenium.interactions.Sequence.encode(Sequence.java:75)
at org.openqa.selenium.interactions.Sequence.toJson(Sequence.java:84)
... 55 more
]]>
            </full-stacktrace>
          </exception> <!-- org.openqa.selenium.json.JsonException -->
          <reporter-output>
          </reporter-output>
        </test-method> <!-- createAccountTest -->
        <test-method status="PASS" signature="tearDown()[pri:0, instance:com.mystore.testcases.AccountCreationPageTest@7e2d773b]" name="tearDown" is-config="true" duration-ms="834" started-at="2022-04-03T17:39:50 IST" finished-at="2022-04-03T17:39:51 IST">
          <reporter-output>
          </reporter-output>
        </test-method> <!-- tearDown -->
        <test-method status="PASS" signature="setup(java.lang.String)[pri:0, instance:com.mystore.testcases.AccountCreationPageTest@7e2d773b]" name="setup" is-config="true" duration-ms="8331" started-at="2022-04-03T17:39:51 IST" finished-at="2022-04-03T17:39:59 IST">
          <params>
            <param index="0">
              <value>
                <![CDATA[Chrome]]>
              </value>
            </param>
          </params>
          <reporter-output>
          </reporter-output>
        </test-method> <!-- setup -->
        <test-method status="FAIL" signature="verifyCreateAccountPageTest(java.lang.String)[pri:0, instance:com.mystore.testcases.AccountCreationPageTest@7e2d773b]" name="verifyCreateAccountPageTest" duration-ms="25878" started-at="2022-04-03T17:39:59 IST" data-provider="email" finished-at="2022-04-03T17:40:25 IST">
          <params>
            <param index="0">
              <value>
                <![CDATA[ghfsdtyfg@gmail.com]]>
              </value>
            </param>
          </params>
          <exception class="java.lang.AssertionError">
            <message>
              <![CDATA[expected [true] but found [false]]]>
            </message>
            <full-stacktrace>
              <![CDATA[java.lang.AssertionError: expected [true] but found [false]
at org.testng.Assert.fail(Assert.java:97)
at org.testng.Assert.failNotEquals(Assert.java:969)
at org.testng.Assert.assertTrue(Assert.java:43)
at org.testng.Assert.assertTrue(Assert.java:53)
at com.mystore.testcases.AccountCreationPageTest.verifyCreateAccountPageTest(AccountCreationPageTest.java:44)
at sun.reflect.NativeMethodAccessorImpl.invoke0(Native Method)
at sun.reflect.NativeMethodAccessorImpl.invoke(Unknown Source)
at sun.reflect.DelegatingMethodAccessorImpl.invoke(Unknown Source)
at java.lang.reflect.Method.invoke(Unknown Source)
at org.testng.internal.MethodInvocationHelper.invokeMethod(MethodInvocationHelper.java:134)
at org.testng.internal.TestInvoker.invokeMethod(TestInvoker.java:597)
at org.testng.internal.TestInvoker.invokeTestMethod(TestInvoker.java:173)
at org.testng.internal.MethodRunner.runInSequence(MethodRunner.java:46)
at org.testng.internal.TestInvoker$MethodInvocationAgent.invoke(TestInvoker.java:816)
at org.testng.internal.TestInvoker.invokeTestMethods(TestInvoker.java:146)
at org.testng.internal.TestMethodWorker.invokeTestMethods(TestMethodWorker.java:146)
at org.testng.internal.TestMethodWorker.run(TestMethodWorker.java:128)
at java.util.ArrayList.forEach(Unknown Source)
at org.testng.TestRunner.privateRun(TestRunner.java:766)
at org.testng.TestRunner.run(TestRunner.java:587)
at org.testng.SuiteRunner.runTest(SuiteRunner.java:384)
at org.testng.SuiteRunner.runSequentially(SuiteRunner.java:378)
at org.testng.SuiteRunner.privateRun(SuiteRunner.java:337)
at org.testng.SuiteRunner.run(SuiteRunner.java:286)
at org.testng.SuiteRunnerWorker.runSuite(SuiteRunnerWorker.java:53)
at org.testng.SuiteRunnerWorker.run(SuiteRunnerWorker.java:96)
at org.testng.TestNG.runSuitesSequentially(TestNG.java:1187)
at org.testng.TestNG.runSuitesLocally(TestNG.java:1109)
at org.testng.TestNG.runSuites(TestNG.java:1039)
at org.testng.TestNG.run(TestNG.java:1007)
at org.testng.remote.AbstractRemoteTestNG.run(AbstractRemoteTestNG.java:115)
at org.testng.remote.RemoteTestNG.initAndRun(RemoteTestNG.java:251)
at org.testng.remote.RemoteTestNG.main(RemoteTestNG.java:77)
]]>
            </full-stacktrace>
          </exception> <!-- java.lang.AssertionError -->
          <reporter-output>
          </reporter-output>
        </test-method> <!-- verifyCreateAccountPageTest -->
        <test-method status="PASS" signature="tearDown()[pri:0, instance:com.mystore.testcases.AccountCreationPageTest@7e2d773b]" name="tearDown" is-config="true" duration-ms="792" started-at="2022-04-03T17:40:25 IST" finished-at="2022-04-03T17:40:26 IST">
          <reporter-output>
          </reporter-output>
        </test-method> <!-- tearDown -->
        <test-method status="PASS" signature="afterSuite()[pri:0, instance:com.mystore.testcases.AccountCreationPageTest@7e2d773b]" name="afterSuite" is-config="true" duration-ms="409" started-at="2022-04-03T17:44:00 IST" finished-at="2022-04-03T17:44:00 IST">
          <reporter-output>
          </reporter-output>
        </test-method> <!-- afterSuite -->
      </class> <!-- com.mystore.testcases.AccountCreationPageTest -->
      <class name="com.mystore.testcases.EndToEndTest">
        <test-method status="PASS" signature="setup(java.lang.String)[pri:0, instance:com.mystore.testcases.EndToEndTest@2353b3e6]" name="setup" is-config="true" duration-ms="9172" started-at="2022-04-03T17:43:22 IST" finished-at="2022-04-03T17:43:31 IST">
          <params>
            <param index="0">
              <value>
                <![CDATA[Chrome]]>
              </value>
            </param>
          </params>
          <reporter-output>
          </reporter-output>
        </test-method> <!-- setup -->
        <test-method status="FAIL" signature="endToEndTest(java.lang.String, java.lang.String, java.lang.String)[pri:0, instance:com.mystore.testcases.EndToEndTest@2353b3e6]" name="endToEndTest" duration-ms="27532" started-at="2022-04-03T17:43:31 IST" data-provider="getProduct" finished-at="2022-04-03T17:43:58 IST">
          <params>
            <param index="0">
              <value>
                <![CDATA[t-shirt]]>
              </value>
            </param>
            <param index="1">
              <value>
                <![CDATA[2.0]]>
              </value>
            </param>
            <param index="2">
              <value>
                <![CDATA[M]]>
              </value>
            </param>
          </params>
          <exception class="org.openqa.selenium.ElementNotInteractableException">
            <message>
              <![CDATA[element not interactable: [object HTMLSpanElement] has no size and location
  (Session info: chrome=100.0.4896.60)
Build info: version: '3.141.59', revision: 'e82be7d358', time: '2018-11-14T08:17:03'
System info: host: 'BSNODL-15060', ip: '192.168.1.9', os.name: 'Windows 10', os.arch: 'amd64', os.version: '10.0', java.version: '1.8.0_321'
Driver info: org.openqa.selenium.chrome.ChromeDriver
Capabilities {acceptInsecureCerts: false, browserName: chrome, browserVersion: 100.0.4896.60, chrome: {chromedriverVersion: 100.0.4896.60 (6a5d10861ce8..., userDataDir: C:\Users\ARUNY\AppData\Loca...}, goog:chromeOptions: {debuggerAddress: localhost:51988}, javascriptEnabled: true, networkConnectionEnabled: false, pageLoadStrategy: normal, platform: WINDOWS, platformName: WINDOWS, proxy: Proxy(), setWindowRect: true, strictFileInteractability: false, timeouts: {implicit: 0, pageLoad: 300000, script: 30000}, unhandledPromptBehavior: dismiss and notify, webauthn:extension:credBlob: true, webauthn:extension:largeBlob: true, webauthn:virtualAuthenticators: true}
Session ID: 86a14c351780fe49d3b29db9657524a6]]>
            </message>
            <full-stacktrace>
              <![CDATA[org.openqa.selenium.ElementNotInteractableException: element not interactable: [object HTMLSpanElement] has no size and location
  (Session info: chrome=100.0.4896.60)
Build info: version: '3.141.59', revision: 'e82be7d358', time: '2018-11-14T08:17:03'
System info: host: 'BSNODL-15060', ip: '192.168.1.9', os.name: 'Windows 10', os.arch: 'amd64', os.version: '10.0', java.version: '1.8.0_321'
Driver info: org.openqa.selenium.chrome.ChromeDriver
Capabilities {acceptInsecureCerts: false, browserName: chrome, browserVersion: 100.0.4896.60, chrome: {chromedriverVersion: 100.0.4896.60 (6a5d10861ce8..., userDataDir: C:\Users\ARUNY\AppData\Loca...}, goog:chromeOptions: {debuggerAddress: localhost:51988}, javascriptEnabled: true, networkConnectionEnabled: false, pageLoadStrategy: normal, platform: WINDOWS, platformName: WINDOWS, proxy: Proxy(), setWindowRect: true, strictFileInteractability: false, timeouts: {implicit: 0, pageLoad: 300000, script: 30000}, unhandledPromptBehavior: dismiss and notify, webauthn:extension:credBlob: true, webauthn:extension:largeBlob: true, webauthn:virtualAuthenticators: true}
Session ID: 86a14c351780fe49d3b29db9657524a6
at sun.reflect.NativeConstructorAccessorImpl.newInstance0(Native Method)
at sun.reflect.NativeConstructorAccessorImpl.newInstance(Unknown Source)
at sun.reflect.DelegatingConstructorAccessorImpl.newInstance(Unknown Source)
at java.lang.reflect.Constructor.newInstance(Unknown Source)
at org.openqa.selenium.remote.http.W3CHttpResponseCodec.createException(W3CHttpResponseCodec.java:187)
at org.openqa.selenium.remote.http.W3CHttpResponseCodec.decode(W3CHttpResponseCodec.java:122)
at org.openqa.selenium.remote.http.W3CHttpResponseCodec.decode(W3CHttpResponseCodec.java:49)
at org.openqa.selenium.remote.HttpCommandExecutor.execute(HttpCommandExecutor.java:158)
at org.openqa.selenium.remote.service.DriverCommandExecutor.execute(DriverCommandExecutor.java:83)
at org.openqa.selenium.remote.RemoteWebDriver.execute(RemoteWebDriver.java:552)
at org.openqa.selenium.remote.RemoteWebDriver.perform(RemoteWebDriver.java:618)
at org.openqa.selenium.interactions.Actions$BuiltAction.perform(Actions.java:639)
at com.mystore.actiondriver.Action.click(Action.java:50)
at com.mystore.pageobjects.AddToCartPage.clickOnAddToCart(AddToCartPage.java:49)
at com.mystore.testcases.EndToEndTest.endToEndTest(EndToEndTest.java:62)
at sun.reflect.NativeMethodAccessorImpl.invoke0(Native Method)
at sun.reflect.NativeMethodAccessorImpl.invoke(Unknown Source)
at sun.reflect.DelegatingMethodAccessorImpl.invoke(Unknown Source)
at java.lang.reflect.Method.invoke(Unknown Source)
at org.testng.internal.MethodInvocationHelper.invokeMethod(MethodInvocationHelper.java:134)
at org.testng.internal.TestInvoker.invokeMethod(TestInvoker.java:597)
at org.testng.internal.TestInvoker.invokeTestMethod(TestInvoker.java:173)
at org.testng.internal.MethodRunner.runInSequence(MethodRunner.java:46)
at org.testng.internal.TestInvoker$MethodInvocationAgent.invoke(TestInvoker.java:816)
at org.testng.internal.TestInvoker.invokeTestMethods(TestInvoker.java:146)
at org.testng.internal.TestMethodWorker.invokeTestMethods(TestMethodWorker.java:146)
at org.testng.internal.TestMethodWorker.run(TestMethodWorker.java:128)
at java.util.ArrayList.forEach(Unknown Source)
at org.testng.TestRunner.privateRun(TestRunner.java:766)
at org.testng.TestRunner.run(TestRunner.java:587)
at org.testng.SuiteRunner.runTest(SuiteRunner.java:384)
at org.testng.SuiteRunner.runSequentially(SuiteRunner.java:378)
at org.testng.SuiteRunner.privateRun(SuiteRunner.java:337)
at org.testng.SuiteRunner.run(SuiteRunner.java:286)
at org.testng.SuiteRunnerWorker.runSuite(SuiteRunnerWorker.java:53)
at org.testng.SuiteRunnerWorker.run(SuiteRunnerWorker.java:96)
at org.testng.TestNG.runSuitesSequentially(TestNG.java:1187)
at org.testng.TestNG.runSuitesLocally(TestNG.java:1109)
at org.testng.TestNG.runSuites(TestNG.java:1039)
at org.testng.TestNG.run(TestNG.java:1007)
at org.testng.remote.AbstractRemoteTestNG.run(AbstractRemoteTestNG.java:115)
at org.testng.remote.RemoteTestNG.initAndRun(RemoteTestNG.java:251)
at org.testng.remote.RemoteTestNG.main(RemoteTestNG.java:77)
]]>
            </full-stacktrace>
          </exception> <!-- org.openqa.selenium.ElementNotInteractableException -->
          <reporter-output>
          </reporter-output>
        </test-method> <!-- endToEndTest -->
        <test-method status="PASS" signature="tearDown()[pri:0, instance:com.mystore.testcases.EndToEndTest@2353b3e6]" name="tearDown" is-config="true" duration-ms="820" started-at="2022-04-03T17:43:59 IST" finished-at="2022-04-03T17:44:00 IST">
          <reporter-output>
          </reporter-output>
        </test-method> <!-- tearDown -->
      </class> <!-- com.mystore.testcases.EndToEndTest -->
      <class name="com.mystore.testcases.SearchResultPageTest">
        <test-method status="PASS" signature="setup(java.lang.String)[pri:0, instance:com.mystore.testcases.SearchResultPageTest@6f195bc3]" name="setup" is-config="true" duration-ms="8295" started-at="2022-04-03T17:42:22 IST" finished-at="2022-04-03T17:42:30 IST">
          <params>
            <param index="0">
              <value>
                <![CDATA[Chrome]]>
              </value>
            </param>
          </params>
          <reporter-output>
          </reporter-output>
        </test-method> <!-- setup -->
        <test-method status="PASS" signature="productAvailabilityTest(java.lang.String)[pri:0, instance:com.mystore.testcases.SearchResultPageTest@6f195bc3]" name="productAvailabilityTest" duration-ms="6891" started-at="2022-04-03T17:42:30 IST" data-provider="searchProduct" finished-at="2022-04-03T17:42:37 IST">
          <params>
            <param index="0">
              <value>
                <![CDATA[t-shirt]]>
              </value>
            </param>
          </params>
          <reporter-output>
          </reporter-output>
        </test-method> <!-- productAvailabilityTest -->
        <test-method status="PASS" signature="tearDown()[pri:0, instance:com.mystore.testcases.SearchResultPageTest@6f195bc3]" name="tearDown" is-config="true" duration-ms="858" started-at="2022-04-03T17:42:37 IST" finished-at="2022-04-03T17:42:38 IST">
          <reporter-output>
          </reporter-output>
        </test-method> <!-- tearDown -->
      </class> <!-- com.mystore.testcases.SearchResultPageTest -->
      <class name="com.mystore.testcases.AddToCartPageTest">
        <test-method status="PASS" signature="setup(java.lang.String)[pri:0, instance:com.mystore.testcases.AddToCartPageTest@2173f6d9]" name="setup" is-config="true" duration-ms="9010" started-at="2022-04-03T17:40:26 IST" finished-at="2022-04-03T17:40:35 IST">
          <params>
            <param index="0">
              <value>
                <![CDATA[Chrome]]>
              </value>
            </param>
          </params>
          <reporter-output>
          </reporter-output>
        </test-method> <!-- setup -->
        <test-method status="FAIL" signature="addToCartTest(java.lang.String, java.lang.String, java.lang.String)[pri:0, instance:com.mystore.testcases.AddToCartPageTest@2173f6d9]" name="addToCartTest" duration-ms="28086" started-at="2022-04-03T17:40:35 IST" data-provider="getProduct" finished-at="2022-04-03T17:41:03 IST">
          <params>
            <param index="0">
              <value>
                <![CDATA[t-shirt]]>
              </value>
            </param>
            <param index="1">
              <value>
                <![CDATA[2.0]]>
              </value>
            </param>
            <param index="2">
              <value>
                <![CDATA[M]]>
              </value>
            </param>
          </params>
          <exception class="org.openqa.selenium.ElementNotInteractableException">
            <message>
              <![CDATA[element not interactable: [object HTMLSpanElement] has no size and location
  (Session info: chrome=100.0.4896.60)
Build info: version: '3.141.59', revision: 'e82be7d358', time: '2018-11-14T08:17:03'
System info: host: 'BSNODL-15060', ip: '192.168.1.9', os.name: 'Windows 10', os.arch: 'amd64', os.version: '10.0', java.version: '1.8.0_321'
Driver info: org.openqa.selenium.chrome.ChromeDriver
Capabilities {acceptInsecureCerts: false, browserName: chrome, browserVersion: 100.0.4896.60, chrome: {chromedriverVersion: 100.0.4896.60 (6a5d10861ce8..., userDataDir: C:\Users\ARUNY\AppData\Loca...}, goog:chromeOptions: {debuggerAddress: localhost:51423}, javascriptEnabled: true, networkConnectionEnabled: false, pageLoadStrategy: normal, platform: WINDOWS, platformName: WINDOWS, proxy: Proxy(), setWindowRect: true, strictFileInteractability: false, timeouts: {implicit: 0, pageLoad: 300000, script: 30000}, unhandledPromptBehavior: dismiss and notify, webauthn:extension:credBlob: true, webauthn:extension:largeBlob: true, webauthn:virtualAuthenticators: true}
Session ID: fa1b41fc9c242be78ae38230cddf1f73]]>
            </message>
            <full-stacktrace>
              <![CDATA[org.openqa.selenium.ElementNotInteractableException: element not interactable: [object HTMLSpanElement] has no size and location
  (Session info: chrome=100.0.4896.60)
Build info: version: '3.141.59', revision: 'e82be7d358', time: '2018-11-14T08:17:03'
System info: host: 'BSNODL-15060', ip: '192.168.1.9', os.name: 'Windows 10', os.arch: 'amd64', os.version: '10.0', java.version: '1.8.0_321'
Driver info: org.openqa.selenium.chrome.ChromeDriver
Capabilities {acceptInsecureCerts: false, browserName: chrome, browserVersion: 100.0.4896.60, chrome: {chromedriverVersion: 100.0.4896.60 (6a5d10861ce8..., userDataDir: C:\Users\ARUNY\AppData\Loca...}, goog:chromeOptions: {debuggerAddress: localhost:51423}, javascriptEnabled: true, networkConnectionEnabled: false, pageLoadStrategy: normal, platform: WINDOWS, platformName: WINDOWS, proxy: Proxy(), setWindowRect: true, strictFileInteractability: false, timeouts: {implicit: 0, pageLoad: 300000, script: 30000}, unhandledPromptBehavior: dismiss and notify, webauthn:extension:credBlob: true, webauthn:extension:largeBlob: true, webauthn:virtualAuthenticators: true}
Session ID: fa1b41fc9c242be78ae38230cddf1f73
at sun.reflect.NativeConstructorAccessorImpl.newInstance0(Native Method)
at sun.reflect.NativeConstructorAccessorImpl.newInstance(Unknown Source)
at sun.reflect.DelegatingConstructorAccessorImpl.newInstance(Unknown Source)
at java.lang.reflect.Constructor.newInstance(Unknown Source)
at org.openqa.selenium.remote.http.W3CHttpResponseCodec.createException(W3CHttpResponseCodec.java:187)
at org.openqa.selenium.remote.http.W3CHttpResponseCodec.decode(W3CHttpResponseCodec.java:122)
at org.openqa.selenium.remote.http.W3CHttpResponseCodec.decode(W3CHttpResponseCodec.java:49)
at org.openqa.selenium.remote.HttpCommandExecutor.execute(HttpCommandExecutor.java:158)
at org.openqa.selenium.remote.service.DriverCommandExecutor.execute(DriverCommandExecutor.java:83)
at org.openqa.selenium.remote.RemoteWebDriver.execute(RemoteWebDriver.java:552)
at org.openqa.selenium.remote.RemoteWebDriver.perform(RemoteWebDriver.java:618)
at org.openqa.selenium.interactions.Actions$BuiltAction.perform(Actions.java:639)
at com.mystore.actiondriver.Action.click(Action.java:50)
at com.mystore.pageobjects.AddToCartPage.clickOnAddToCart(AddToCartPage.java:49)
at com.mystore.testcases.AddToCartPageTest.addToCartTest(AddToCartPageTest.java:48)
at sun.reflect.NativeMethodAccessorImpl.invoke0(Native Method)
at sun.reflect.NativeMethodAccessorImpl.invoke(Unknown Source)
at sun.reflect.DelegatingMethodAccessorImpl.invoke(Unknown Source)
at java.lang.reflect.Method.invoke(Unknown Source)
at org.testng.internal.MethodInvocationHelper.invokeMethod(MethodInvocationHelper.java:134)
at org.testng.internal.TestInvoker.invokeMethod(TestInvoker.java:597)
at org.testng.internal.TestInvoker.invokeTestMethod(TestInvoker.java:173)
at org.testng.internal.MethodRunner.runInSequence(MethodRunner.java:46)
at org.testng.internal.TestInvoker$MethodInvocationAgent.invoke(TestInvoker.java:816)
at org.testng.internal.TestInvoker.invokeTestMethods(TestInvoker.java:146)
at org.testng.internal.TestMethodWorker.invokeTestMethods(TestMethodWorker.java:146)
at org.testng.internal.TestMethodWorker.run(TestMethodWorker.java:128)
at java.util.ArrayList.forEach(Unknown Source)
at org.testng.TestRunner.privateRun(TestRunner.java:766)
at org.testng.TestRunner.run(TestRunner.java:587)
at org.testng.SuiteRunner.runTest(SuiteRunner.java:384)
at org.testng.SuiteRunner.runSequentially(SuiteRunner.java:378)
at org.testng.SuiteRunner.privateRun(SuiteRunner.java:337)
at org.testng.SuiteRunner.run(SuiteRunner.java:286)
at org.testng.SuiteRunnerWorker.runSuite(SuiteRunnerWorker.java:53)
at org.testng.SuiteRunnerWorker.run(SuiteRunnerWorker.java:96)
at org.testng.TestNG.runSuitesSequentially(TestNG.java:1187)
at org.testng.TestNG.runSuitesLocally(TestNG.java:1109)
at org.testng.TestNG.runSuites(TestNG.java:1039)
at org.testng.TestNG.run(TestNG.java:1007)
at org.testng.remote.AbstractRemoteTestNG.run(AbstractRemoteTestNG.java:115)
at org.testng.remote.RemoteTestNG.initAndRun(RemoteTestNG.java:251)
at org.testng.remote.RemoteTestNG.main(RemoteTestNG.java:77)
]]>
            </full-stacktrace>
          </exception> <!-- org.openqa.selenium.ElementNotInteractableException -->
          <reporter-output>
          </reporter-output>
        </test-method> <!-- addToCartTest -->
        <test-method status="PASS" signature="tearDown()[pri:0, instance:com.mystore.testcases.AddToCartPageTest@2173f6d9]" name="tearDown" is-config="true" duration-ms="828" started-at="2022-04-03T17:41:04 IST" finished-at="2022-04-03T17:41:04 IST">
          <reporter-output>
          </reporter-output>
        </test-method> <!-- tearDown -->
      </class> <!-- com.mystore.testcases.AddToCartPageTest -->
      <class name="com.mystore.testcases.IndexPageTest">
        <test-method status="PASS" signature="setup(java.lang.String)[pri:0, instance:com.mystore.testcases.IndexPageTest@1a8a8f7c]" name="setup" is-config="true" duration-ms="8909" started-at="2022-04-03T17:43:01 IST" finished-at="2022-04-03T17:43:09 IST">
          <params>
            <param index="0">
              <value>
                <![CDATA[Chrome]]>
              </value>
            </param>
          </params>
          <reporter-output>
          </reporter-output>
        </test-method> <!-- setup -->
        <test-method status="PASS" signature="verifyLogo()[pri:0, instance:com.mystore.testcases.IndexPageTest@1a8a8f7c]" name="verifyLogo" duration-ms="998" started-at="2022-04-03T17:43:09 IST" finished-at="2022-04-03T17:43:10 IST">
          <reporter-output>
          </reporter-output>
        </test-method> <!-- verifyLogo -->
        <test-method status="PASS" signature="tearDown()[pri:0, instance:com.mystore.testcases.IndexPageTest@1a8a8f7c]" name="tearDown" is-config="true" duration-ms="782" started-at="2022-04-03T17:43:10 IST" finished-at="2022-04-03T17:43:11 IST">
          <reporter-output>
          </reporter-output>
        </test-method> <!-- tearDown -->
        <test-method status="PASS" signature="setup(java.lang.String)[pri:0, instance:com.mystore.testcases.IndexPageTest@1a8a8f7c]" name="setup" is-config="true" duration-ms="8694" started-at="2022-04-03T17:43:11 IST" finished-at="2022-04-03T17:43:20 IST">
          <params>
            <param index="0">
              <value>
                <![CDATA[Chrome]]>
              </value>
            </param>
          </params>
          <reporter-output>
          </reporter-output>
        </test-method> <!-- setup -->
        <test-method status="PASS" signature="verifyTitle()[pri:0, instance:com.mystore.testcases.IndexPageTest@1a8a8f7c]" name="verifyTitle" duration-ms="873" started-at="2022-04-03T17:43:20 IST" finished-at="2022-04-03T17:43:21 IST">
          <reporter-output>
          </reporter-output>
        </test-method> <!-- verifyTitle -->
        <test-method status="PASS" signature="tearDown()[pri:0, instance:com.mystore.testcases.IndexPageTest@1a8a8f7c]" name="tearDown" is-config="true" duration-ms="788" started-at="2022-04-03T17:43:21 IST" finished-at="2022-04-03T17:43:22 IST">
          <reporter-output>
          </reporter-output>
        </test-method> <!-- tearDown -->
      </class> <!-- com.mystore.testcases.IndexPageTest -->
      <class name="com.mystore.testcases.OrderPageTest">
        <test-method status="PASS" signature="setup(java.lang.String)[pri:0, instance:com.mystore.testcases.OrderPageTest@7a187f14]" name="setup" is-config="true" duration-ms="9179" started-at="2022-04-03T17:41:44 IST" finished-at="2022-04-03T17:41:54 IST">
          <params>
            <param index="0">
              <value>
                <![CDATA[Chrome]]>
              </value>
            </param>
          </params>
          <reporter-output>
          </reporter-output>
        </test-method> <!-- setup -->
        <test-method status="FAIL" signature="verifyTotalPrice(java.lang.String, java.lang.String, java.lang.String)[pri:0, instance:com.mystore.testcases.OrderPageTest@7a187f14]" name="verifyTotalPrice" duration-ms="27272" started-at="2022-04-03T17:41:54 IST" data-provider="getProduct" finished-at="2022-04-03T17:42:21 IST">
          <params>
            <param index="0">
              <value>
                <![CDATA[t-shirt]]>
              </value>
            </param>
            <param index="1">
              <value>
                <![CDATA[2.0]]>
              </value>
            </param>
            <param index="2">
              <value>
                <![CDATA[M]]>
              </value>
            </param>
          </params>
          <exception class="org.openqa.selenium.ElementNotInteractableException">
            <message>
              <![CDATA[element not interactable: [object HTMLSpanElement] has no size and location
  (Session info: chrome=100.0.4896.60)
Build info: version: '3.141.59', revision: 'e82be7d358', time: '2018-11-14T08:17:03'
System info: host: 'BSNODL-15060', ip: '192.168.1.9', os.name: 'Windows 10', os.arch: 'amd64', os.version: '10.0', java.version: '1.8.0_321'
Driver info: org.openqa.selenium.chrome.ChromeDriver
Capabilities {acceptInsecureCerts: false, browserName: chrome, browserVersion: 100.0.4896.60, chrome: {chromedriverVersion: 100.0.4896.60 (6a5d10861ce8..., userDataDir: C:\Users\ARUNY\AppData\Loca...}, goog:chromeOptions: {debuggerAddress: localhost:51657}, javascriptEnabled: true, networkConnectionEnabled: false, pageLoadStrategy: normal, platform: WINDOWS, platformName: WINDOWS, proxy: Proxy(), setWindowRect: true, strictFileInteractability: false, timeouts: {implicit: 0, pageLoad: 300000, script: 30000}, unhandledPromptBehavior: dismiss and notify, webauthn:extension:credBlob: true, webauthn:extension:largeBlob: true, webauthn:virtualAuthenticators: true}
Session ID: f9701abf21b2cbf55b792ae84f4b8564]]>
            </message>
            <full-stacktrace>
              <![CDATA[org.openqa.selenium.ElementNotInteractableException: element not interactable: [object HTMLSpanElement] has no size and location
  (Session info: chrome=100.0.4896.60)
Build info: version: '3.141.59', revision: 'e82be7d358', time: '2018-11-14T08:17:03'
System info: host: 'BSNODL-15060', ip: '192.168.1.9', os.name: 'Windows 10', os.arch: 'amd64', os.version: '10.0', java.version: '1.8.0_321'
Driver info: org.openqa.selenium.chrome.ChromeDriver
Capabilities {acceptInsecureCerts: false, browserName: chrome, browserVersion: 100.0.4896.60, chrome: {chromedriverVersion: 100.0.4896.60 (6a5d10861ce8..., userDataDir: C:\Users\ARUNY\AppData\Loca...}, goog:chromeOptions: {debuggerAddress: localhost:51657}, javascriptEnabled: true, networkConnectionEnabled: false, pageLoadStrategy: normal, platform: WINDOWS, platformName: WINDOWS, proxy: Proxy(), setWindowRect: true, strictFileInteractability: false, timeouts: {implicit: 0, pageLoad: 300000, script: 30000}, unhandledPromptBehavior: dismiss and notify, webauthn:extension:credBlob: true, webauthn:extension:largeBlob: true, webauthn:virtualAuthenticators: true}
Session ID: f9701abf21b2cbf55b792ae84f4b8564
at sun.reflect.NativeConstructorAccessorImpl.newInstance0(Native Method)
at sun.reflect.NativeConstructorAccessorImpl.newInstance(Unknown Source)
at sun.reflect.DelegatingConstructorAccessorImpl.newInstance(Unknown Source)
at java.lang.reflect.Constructor.newInstance(Unknown Source)
at org.openqa.selenium.remote.http.W3CHttpResponseCodec.createException(W3CHttpResponseCodec.java:187)
at org.openqa.selenium.remote.http.W3CHttpResponseCodec.decode(W3CHttpResponseCodec.java:122)
at org.openqa.selenium.remote.http.W3CHttpResponseCodec.decode(W3CHttpResponseCodec.java:49)
at org.openqa.selenium.remote.HttpCommandExecutor.execute(HttpCommandExecutor.java:158)
at org.openqa.selenium.remote.service.DriverCommandExecutor.execute(DriverCommandExecutor.java:83)
at org.openqa.selenium.remote.RemoteWebDriver.execute(RemoteWebDriver.java:552)
at org.openqa.selenium.remote.RemoteWebDriver.perform(RemoteWebDriver.java:618)
at org.openqa.selenium.interactions.Actions$BuiltAction.perform(Actions.java:639)
at com.mystore.actiondriver.Action.click(Action.java:50)
at com.mystore.pageobjects.AddToCartPage.clickOnAddToCart(AddToCartPage.java:49)
at com.mystore.testcases.OrderPageTest.verifyTotalPrice(OrderPageTest.java:50)
at sun.reflect.NativeMethodAccessorImpl.invoke0(Native Method)
at sun.reflect.NativeMethodAccessorImpl.invoke(Unknown Source)
at sun.reflect.DelegatingMethodAccessorImpl.invoke(Unknown Source)
at java.lang.reflect.Method.invoke(Unknown Source)
at org.testng.internal.MethodInvocationHelper.invokeMethod(MethodInvocationHelper.java:134)
at org.testng.internal.TestInvoker.invokeMethod(TestInvoker.java:597)
at org.testng.internal.TestInvoker.invokeTestMethod(TestInvoker.java:173)
at org.testng.internal.MethodRunner.runInSequence(MethodRunner.java:46)
at org.testng.internal.TestInvoker$MethodInvocationAgent.invoke(TestInvoker.java:816)
at org.testng.internal.TestInvoker.invokeTestMethods(TestInvoker.java:146)
at org.testng.internal.TestMethodWorker.invokeTestMethods(TestMethodWorker.java:146)
at org.testng.internal.TestMethodWorker.run(TestMethodWorker.java:128)
at java.util.ArrayList.forEach(Unknown Source)
at org.testng.TestRunner.privateRun(TestRunner.java:766)
at org.testng.TestRunner.run(TestRunner.java:587)
at org.testng.SuiteRunner.runTest(SuiteRunner.java:384)
at org.testng.SuiteRunner.runSequentially(SuiteRunner.java:378)
at org.testng.SuiteRunner.privateRun(SuiteRunner.java:337)
at org.testng.SuiteRunner.run(SuiteRunner.java:286)
at org.testng.SuiteRunnerWorker.runSuite(SuiteRunnerWorker.java:53)
at org.testng.SuiteRunnerWorker.run(SuiteRunnerWorker.java:96)
at org.testng.TestNG.runSuitesSequentially(TestNG.java:1187)
at org.testng.TestNG.runSuitesLocally(TestNG.java:1109)
at org.testng.TestNG.runSuites(TestNG.java:1039)
at org.testng.TestNG.run(TestNG.java:1007)
at org.testng.remote.AbstractRemoteTestNG.run(AbstractRemoteTestNG.java:115)
at org.testng.remote.RemoteTestNG.initAndRun(RemoteTestNG.java:251)
at org.testng.remote.RemoteTestNG.main(RemoteTestNG.java:77)
]]>
            </full-stacktrace>
          </exception> <!-- org.openqa.selenium.ElementNotInteractableException -->
          <reporter-output>
          </reporter-output>
        </test-method> <!-- verifyTotalPrice -->
        <test-method status="PASS" signature="tearDown()[pri:0, instance:com.mystore.testcases.OrderPageTest@7a187f14]" name="tearDown" is-config="true" duration-ms="806" started-at="2022-04-03T17:42:21 IST" finished-at="2022-04-03T17:42:22 IST">
          <reporter-output>
          </reporter-output>
        </test-method> <!-- tearDown -->
      </class> <!-- com.mystore.testcases.OrderPageTest -->
      <class name="com.mystore.testcases.HomePageTest">
        <test-method status="PASS" signature="setup(java.lang.String)[pri:0, instance:com.mystore.testcases.HomePageTest@307f6b8c]" name="setup" is-config="true" duration-ms="8687" started-at="2022-04-03T17:41:04 IST" finished-at="2022-04-03T17:41:13 IST">
          <params>
            <param index="0">
              <value>
                <![CDATA[Chrome]]>
              </value>
            </param>
          </params>
          <reporter-output>
          </reporter-output>
        </test-method> <!-- setup -->
        <test-method status="PASS" signature="orderHistoryandDetailsTest(java.lang.String, java.lang.String)[pri:0, instance:com.mystore.testcases.HomePageTest@307f6b8c]" name="orderHistoryandDetailsTest" duration-ms="10325" started-at="2022-04-03T17:41:13 IST" data-provider="credentials" finished-at="2022-04-03T17:41:23 IST">
          <params>
            <param index="0">
              <value>
                <![CDATA[admin@xyz.com]]>
              </value>
            </param>
            <param index="1">
              <value>
                <![CDATA[admin@123]]>
              </value>
            </param>
          </params>
          <reporter-output>
          </reporter-output>
        </test-method> <!-- orderHistoryandDetailsTest -->
        <test-method status="PASS" signature="tearDown()[pri:0, instance:com.mystore.testcases.HomePageTest@307f6b8c]" name="tearDown" is-config="true" duration-ms="830" started-at="2022-04-03T17:41:23 IST" finished-at="2022-04-03T17:41:24 IST">
          <reporter-output>
          </reporter-output>
        </test-method> <!-- tearDown -->
        <test-method status="PASS" signature="setup(java.lang.String)[pri:0, instance:com.mystore.testcases.HomePageTest@307f6b8c]" name="setup" is-config="true" duration-ms="9597" started-at="2022-04-03T17:41:24 IST" finished-at="2022-04-03T17:41:34 IST">
          <params>
            <param index="0">
              <value>
                <![CDATA[Chrome]]>
              </value>
            </param>
          </params>
          <reporter-output>
          </reporter-output>
        </test-method> <!-- setup -->
        <test-method status="PASS" signature="wishListTest(java.lang.String, java.lang.String)[pri:0, instance:com.mystore.testcases.HomePageTest@307f6b8c]" name="wishListTest" duration-ms="9605" started-at="2022-04-03T17:41:34 IST" data-provider="credentials" finished-at="2022-04-03T17:41:44 IST">
          <params>
            <param index="0">
              <value>
                <![CDATA[admin@xyz.com]]>
              </value>
            </param>
            <param index="1">
              <value>
                <![CDATA[admin@123]]>
              </value>
            </param>
          </params>
          <reporter-output>
          </reporter-output>
        </test-method> <!-- wishListTest -->
        <test-method status="PASS" signature="tearDown()[pri:0, instance:com.mystore.testcases.HomePageTest@307f6b8c]" name="tearDown" is-config="true" duration-ms="803" started-at="2022-04-03T17:41:44 IST" finished-at="2022-04-03T17:41:44 IST">
          <reporter-output>
          </reporter-output>
        </test-method> <!-- tearDown -->
      </class> <!-- com.mystore.testcases.HomePageTest -->
      <class name="com.mystore.testcases.LoginPageTest">
        <test-method status="PASS" signature="setup(java.lang.String)[pri:0, instance:com.mystore.testcases.LoginPageTest@51e2adc7]" name="setup" is-config="true" duration-ms="9134" started-at="2022-04-03T17:42:38 IST" finished-at="2022-04-03T17:42:47 IST">
          <params>
            <param index="0">
              <value>
                <![CDATA[Chrome]]>
              </value>
            </param>
          </params>
          <reporter-output>
          </reporter-output>
        </test-method> <!-- setup -->
        <test-method status="PASS" signature="loginTest(java.lang.String, java.lang.String)[pri:0, instance:com.mystore.testcases.LoginPageTest@51e2adc7]" name="loginTest" duration-ms="12403" started-at="2022-04-03T17:42:47 IST" data-provider="credentials" finished-at="2022-04-03T17:43:00 IST">
          <params>
            <param index="0">
              <value>
                <![CDATA[admin@xyz.com]]>
              </value>
            </param>
            <param index="1">
              <value>
                <![CDATA[admin@123]]>
              </value>
            </param>
          </params>
          <reporter-output>
          </reporter-output>
        </test-method> <!-- loginTest -->
        <test-method status="PASS" signature="tearDown()[pri:0, instance:com.mystore.testcases.LoginPageTest@51e2adc7]" name="tearDown" is-config="true" duration-ms="792" started-at="2022-04-03T17:43:00 IST" finished-at="2022-04-03T17:43:01 IST">
          <reporter-output>
          </reporter-output>
        </test-method> <!-- tearDown -->
      </class> <!-- com.mystore.testcases.LoginPageTest -->
    </test> <!-- Test_All -->
  </suite> <!-- Suite -->
</testng-results>
